{
  "RSpec": {
    "coverage": {
      "/home/sircharles/rails_projects/students_bloc/alex_lewis/inca/spec/support/helpers/capybara_helpers.rb": [
        1,
        1,
        1,
        null,
        1,
        0,
        0,
        null,
        null,
        null,
        1,
        0,
        0,
        0,
        null,
        null,
        null,
        1,
        0,
        0,
        0,
        0,
        0,
        0,
        0,
        null,
        null,
        null,
        1,
        4,
        4,
        4,
        4,
        null,
        null,
        1,
        0,
        null,
        null,
        null,
        null
      ],
      "/home/sircharles/rails_projects/students_bloc/alex_lewis/inca/spec/support/capybara.rb": [
        1,
        1,
        null,
        1,
        1,
        null
      ],
      "/home/sircharles/rails_projects/students_bloc/alex_lewis/inca/spec/support/helpers.rb": [
        1,
        1,
        1,
        null
      ],
      "/home/sircharles/rails_projects/students_bloc/alex_lewis/inca/spec/support/database_cleaner.rb": [
        1,
        1,
        1,
        null,
        null,
        1,
        4,
        null,
        null,
        1,
        3,
        null,
        null,
        1,
        4,
        null,
        null,
        1,
        4,
        null,
        null
      ],
      "/home/sircharles/rails_projects/students_bloc/alex_lewis/inca/spec/features/users/sign_in_spec.rb": [
        null,
        null,
        null,
        null,
        1,
        null,
        null,
        null,
        null,
        null,
        1,
        1,
        1,
        null,
        null,
        null,
        null,
        null,
        null,
        null,
        1,
        1,
        1,
        1,
        1,
        null,
        null,
        null,
        null,
        null,
        null,
        null,
        1,
        1,
        1,
        1,
        null,
        null,
        null,
        null,
        null,
        null,
        null,
        1,
        1,
        1,
        1,
        null,
        null,
        null
      ],
      "/home/sircharles/rails_projects/students_bloc/alex_lewis/inca/app/controllers/welcome_controller.rb": [
        1,
        1,
        null,
        1,
        null,
        null,
        null,
        null
      ],
      "/home/sircharles/rails_projects/students_bloc/alex_lewis/inca/app/models/publisher.rb": [
        1,
        1,
        null
      ],
      "/home/sircharles/rails_projects/students_bloc/alex_lewis/inca/app/models/content.rb": [
        1,
        1,
        null,
        null
      ]
    },
    "timestamp": 1440109003
  }
}
