{
  "RSpec": {
    "coverage": {
      "/home/sircharles/rails_projects/students_bloc/alex_lewis/inca/spec/support/helpers/capybara_helpers.rb": [
        1,
        1,
        1,
        null,
        1,
        0,
        0,
        null,
        null,
        null,
        1,
        0,
        0,
        0,
        null,
        null,
        null,
        1,
        0,
        0,
        0,
        0,
        0,
        0,
        0,
        null,
        null,
        null,
        1,
        1,
        1,
        1,
        1,
        null,
        null,
        1,
        0,
        null,
        null,
        null,
        null
      ],
      "/home/sircharles/rails_projects/students_bloc/alex_lewis/inca/spec/support/capybara.rb": [
        1,
        1,
        null,
        1,
        1,
        null
      ],
      "/home/sircharles/rails_projects/students_bloc/alex_lewis/inca/spec/support/helpers.rb": [
        1,
        1,
        1,
        null
      ],
      "/home/sircharles/rails_projects/students_bloc/alex_lewis/inca/spec/support/database_cleaner.rb": [
        1,
        1,
        1,
        null,
        null,
        1,
        1,
        null,
        null,
        1,
        0,
        null,
        null,
        1,
        1,
        null,
        null,
        1,
        1,
        null,
        null
      ],
      "/home/sircharles/rails_projects/students_bloc/alex_lewis/inca/spec/features/admin/add_publishers_spec.rb": [
        1,
        null,
        null,
        null,
        null,
        null,
        1,
        1,
        null,
        null,
        1,
        1,
        1,
        1,
        0,
        null,
        0,
        0,
        0,
        null,
        null,
        null
      ],
      "/home/sircharles/rails_projects/students_bloc/alex_lewis/inca/app/controllers/publishers_controller.rb": [
        1,
        1,
        null,
        1,
        0,
        0,
        null,
        null,
        1,
        null,
        null,
        null,
        1,
        0,
        0,
        null,
        null,
        1,
        null,
        0,
        0,
        0,
        0,
        0,
        null,
        0,
        0,
        null,
        null,
        null,
        1,
        null,
        null,
        null,
        1,
        null,
        0,
        0,
        0,
        null,
        0,
        0,
        null,
        null,
        null,
        1,
        null,
        0,
        0,
        0,
        null,
        0,
        0,
        null,
        null,
        null,
        1,
        null,
        1,
        0,
        0,
        null,
        null,
        1,
        0,
        null,
        null
      ]
    },
    "timestamp": 1440194732
  }
}
